[debug] [2021-02-04T16:51:34.298Z] ----------------------------------------------------------------------
[debug] [2021-02-04T16:51:34.300Z] Command:       /usr/bin/node /usr/bin/firebase deploy
[debug] [2021-02-04T16:51:34.301Z] CLI Version:   9.1.2
[debug] [2021-02-04T16:51:34.301Z] Platform:      linux
[debug] [2021-02-04T16:51:34.301Z] Node Version:  v14.15.4
[debug] [2021-02-04T16:51:34.301Z] Time:          Thu Feb 04 2021 21:51:34 GMT+0500 (Pakistan Standard Time)
[debug] [2021-02-04T16:51:34.301Z] ----------------------------------------------------------------------
[debug] [2021-02-04T16:51:34.302Z] 
[debug] [2021-02-04T16:51:34.321Z] > command requires scopes: ["email","openid","https://www.googleapis.com/auth/cloudplatformprojects.readonly","https://www.googleapis.com/auth/firebase","https://www.googleapis.com/auth/cloud-platform"]
[debug] [2021-02-04T16:51:34.321Z] > authorizing via signed-in user
[debug] [2021-02-04T16:51:34.322Z] [iam] checking project developer-junaid for permissions ["firebase.projects.get","firebasehosting.sites.update"]
[debug] [2021-02-04T16:51:34.324Z] >>> HTTP REQUEST POST https://cloudresourcemanager.googleapis.com/v1/projects/developer-junaid:testIamPermissions  
 {"permissions":["firebase.projects.get","firebasehosting.sites.update"]}
[debug] [2021-02-04T16:51:36.040Z] <<< HTTP RESPONSE 200 {"content-type":"application/json; charset=UTF-8","vary":"X-Origin, Referer, Origin,Accept-Encoding","date":"Thu, 04 Feb 2021 16:51:35 GMT","server":"ESF","cache-control":"private","x-xss-protection":"0","x-frame-options":"SAMEORIGIN","x-content-type-options":"nosniff","server-timing":"gfet4t7; dur=1240","alt-svc":"h3-29=\":443\"; ma=2592000,h3-T051=\":443\"; ma=2592000,h3-Q050=\":443\"; ma=2592000,h3-Q046=\":443\"; ma=2592000,h3-Q043=\":443\"; ma=2592000,quic=\":443\"; ma=2592000; v=\"46,43\"","accept-ranges":"none","transfer-encoding":"chunked"}
[debug] [2021-02-04T16:51:36.044Z] >>> HTTP REQUEST GET https://firebase.googleapis.com/v1beta1/projects/developer-junaid  
 
[debug] [2021-02-04T16:51:36.601Z] <<< HTTP RESPONSE 200 {"content-type":"application/json; charset=UTF-8","vary":"X-Origin, Referer, Origin,Accept-Encoding","date":"Thu, 04 Feb 2021 16:51:36 GMT","server":"ESF","cache-control":"private","x-xss-protection":"0","x-frame-options":"SAMEORIGIN","x-content-type-options":"nosniff","alt-svc":"h3-29=\":443\"; ma=2592000,h3-T051=\":443\"; ma=2592000,h3-Q050=\":443\"; ma=2592000,h3-Q046=\":443\"; ma=2592000,h3-Q043=\":443\"; ma=2592000,quic=\":443\"; ma=2592000; v=\"46,43\"","accept-ranges":"none","transfer-encoding":"chunked"}
[info] 
[info] === Deploying to 'developer-junaid'...
[info] 
[info] i  deploying hosting 
[debug] [2021-02-04T16:51:36.611Z] >>> HTTP REQUEST POST https://firebasehosting.googleapis.com/v1beta1/sites/developer-junaid/versions  
 {"config":{"rewrites":[{"glob":"**","path":"/index.html"}]},"labels":{"deployment-tool":"cli-firebase"}}
[debug] [2021-02-04T16:51:39.063Z] <<< HTTP RESPONSE 200 {"content-type":"application/json; charset=UTF-8","vary":"X-Origin, Referer, Origin,Accept-Encoding","date":"Thu, 04 Feb 2021 16:51:38 GMT","server":"ESF","cache-control":"private","x-xss-protection":"0","x-frame-options":"SAMEORIGIN","x-content-type-options":"nosniff","alt-svc":"h3-29=\":443\"; ma=2592000,h3-T051=\":443\"; ma=2592000,h3-Q050=\":443\"; ma=2592000,h3-Q046=\":443\"; ma=2592000,h3-Q043=\":443\"; ma=2592000,quic=\":443\"; ma=2592000; v=\"46,43\"","accept-ranges":"none","transfer-encoding":"chunked"}
[info] i  hosting[developer-junaid]: beginning deploy... 
[info] i  hosting[developer-junaid]: found 37 files in build 
[debug] [2021-02-04T16:51:39.474Z] > refreshing access token with scopes: []
[debug] [2021-02-04T16:51:39.474Z] >>> HTTP REQUEST POST https://www.googleapis.com/oauth2/v3/token  
 <request body omitted>
[debug] [2021-02-04T16:51:39.477Z] [hosting] hash cache [YnVpbGQ] stored for 37 files
[debug] [2021-02-04T16:51:39.477Z] [hosting][hash queue][FINAL] {"max":344,"min":42,"avg":119.35135135135135,"active":0,"complete":37,"success":37,"errored":0,"retried":0,"total":37,"elapsed":356}
